<?xml version="1.0" encoding="UTF-8"?>
<!-- Generated by org.testng.reporters.JUnitReportReporter -->
<testsuite skipped="0" hostname="DESKTOP-A13PPTI" name="testNG.TestNGExamples" tests="3" failures="0" timestamp="22 Oct 2019 07:12:35 GMT" time="0.029" errors="0">
  <testcase name="testCase3" time="0.024" classname="testNG.TestNGExamples"/>
  <testcase name="testCase1" time="0.000" classname="testNG.TestNGExamples"/>
  <testcase name="testCase2" time="0.005" classname="testNG.TestNGExamples"/>
</testsuite> <!-- testNG.TestNGExamples -->
