<?xml version="1.0" encoding="UTF-8"?>
<!-- Generated by org.testng.reporters.JUnitReportReporter -->
<testsuite skipped="0" hostname="DESKTOP-A13PPTI" name="testNG.OpenAndCloseBrowser" tests="3" failures="0" timestamp="18 Oct 2019 11:37:07 GMT" time="1.479" errors="0">
  <testcase name="test2" time="0.016" classname="testNG.OpenAndCloseBrowser"/>
  <testcase name="test_login" time="1.458" classname="testNG.OpenAndCloseBrowser"/>
  <testcase name="test3" time="0.005" classname="testNG.OpenAndCloseBrowser"/>
</testsuite> <!-- testNG.OpenAndCloseBrowser -->
