<?xml version="1.0" encoding="UTF-8"?>
<!-- Generated by org.testng.reporters.JUnitReportReporter -->
<testsuite skipped="0" hostname="DESKTOP-A13PPTI" name="WeekendAssigment.OrangeHRM" tests="1" failures="0" timestamp="20 Oct 2019 15:40:23 GMT" time="19.288" errors="0">
  <testcase name="test" time="19.288" classname="WeekendAssigment.OrangeHRM"/>
</testsuite> <!-- WeekendAssigment.OrangeHRM -->
