<?xml version="1.0" encoding="UTF-8"?>
<!-- Generated by org.testng.reporters.JUnitReportReporter -->
<testsuite skipped="0" hostname="DESKTOP-A13PPTI" name="TestCases.UFM_010" tests="1" failures="0" timestamp="05 Nov 2019 14:55:30 GMT" time="3.292" errors="0">
  <testcase name="Login" time="3.292" classname="TestCases.UFM_010"/>
</testsuite> <!-- TestCases.UFM_010 -->
