<?xml version="1.0" encoding="UTF-8"?>
<!-- Generated by org.testng.reporters.JUnitReportReporter -->
<testsuite skipped="0" hostname="DESKTOP-A13PPTI" name="TestCases.UNF_036" tests="3" failures="0" timestamp="05 Nov 2019 09:11:38 GMT" time="21.104" errors="0">
  <testcase name="Login" time="3.505" classname="TestCases.UNF_036"/>
  <testcase name="orderProduct" time="13.541" classname="TestCases.UNF_036"/>
  <testcase name="UNF_036_ReturnProduct" time="4.058" classname="TestCases.UNF_036"/>
</testsuite> <!-- TestCases.UNF_036 -->
