<?xml version="1.0" encoding="UTF-8"?>
<!-- Generated by org.testng.reporters.JUnitReportReporter -->
<testsuite skipped="0" hostname="DESKTOP-A13PPTI" name="TestCases.UNF_038" tests="1" failures="0" timestamp="05 Nov 2019 17:18:20 GMT" time="9.419" errors="0">
  <testcase name="Login" time="9.419" classname="TestCases.UNF_038"/>
</testsuite> <!-- TestCases.UNF_038 -->
