<?xml version="1.0" encoding="UTF-8"?>
<!-- Generated by org.testng.reporters.JUnitReportReporter -->
<testsuite skipped="0" hostname="DESKTOP-A13PPTI" name="TestCases.UFM_009" tests="2" failures="0" timestamp="25 Oct 2019 08:54:01 GMT" time="14.514" errors="0">
  <testcase name="TestCase_UFM_008" time="13.141" classname="TestCases.UFM_009"/>
  <testcase name="TestCase_UFM_009" time="1.373" classname="TestCases.UFM_009"/>
</testsuite> <!-- TestCases.UFM_009 -->
