<?xml version="1.0" encoding="UTF-8"?>
<!-- Generated by org.testng.reporters.JUnitReportReporter -->
<testsuite skipped="0" hostname="DESKTOP-A13PPTI" name="ExcelDataProvider" tests="3" failures="0" timestamp="11 Nov 2019 06:01:09 GMT" time="0.014" errors="0">
  <testcase name="test1" time="0.002" classname="ExcelDataProvider"/>
  <testcase name="test1" time="0.001" classname="ExcelDataProvider"/>
  <testcase name="test1" time="0.011" classname="ExcelDataProvider"/>
</testsuite> <!-- ExcelDataProvider -->
